#
# A fatal error has been detected by the Java Runtime Environment:
#
#  EXCEPTION_ACCESS_VIOLATION (0xc0000005) at pc=0x0000000003267132, pid=8252, tid=0x00000000000023a8
#
# JRE version: Java(TM) SE Runtime Environment (8.0_111-b14) (build 1.8.0_111-b14)
# Java VM: Java HotSpot(TM) 64-Bit Server VM (25.111-b14 mixed mode windows-amd64 compressed oops)
# Problematic frame:
# j  java.util.concurrent.ConcurrentHashMap.transfer([Ljava/util/concurrent/ConcurrentHashMap$Node;[Ljava/util/concurrent/ConcurrentHashMap$Node;)V+346
#
# Failed to write core dump. Minidumps are not enabled by default on client versions of Windows
#
# If you would like to submit a bug report, please visit:
#   http://bugreport.java.com/bugreport/crash.jsp
#

---------------  T H R E A D  ---------------

Current thread (0x0000000021190800):  JavaThread "background-preinit" [_thread_in_Java, id=9128, stack(0x0000000025900000,0x0000000025a00000)]

siginfo: ExceptionCode=0xc0000005, reading address 0x0000000000800000

Registers:
RAX=0x0000000000800000, RBX=0x000000000000000c, RCX=0x000000001e5ee088, RDX=0x000000006f09664d
RSP=0x00000000259fdb88, RBP=0x00000000259fdbd8, RSI=0x0000000000000000, RDI=0x00000007596efd58
R8 =0x000000000000064d, R9 =0x000000075835b660, R10=0x000000005dd75110, R11=0x0000000003434a80
R12=0x0000000000000000, R13=0x000000001e5eb827, R14=0x00000000259fdcb8, R15=0x0000000021190800
RIP=0x0000000003267132, EFLAGS=0x0000000000010206

Top of Stack: (sp=0x00000000259fdb88)
0x00000000259fdb88:   0000000000000001 000000075835b660
0x00000000259fdb98:   00000000259fdb88 000000001e5eb802
0x00000000259fdba8:   00000000259fdcb8 000000001e5ee088
0x00000000259fdbb8:   000000001e780048 000000001e5eba80
0x00000000259fdbc8:   0000000000000000 00000000259fdca8
0x00000000259fdbd8:   00000000259fdd00 000000000324835d
0x00000000259fdbe8:   0000000000000000 0000000000000000
0x00000000259fdbf8:   0000000000000000 0000000000000000
0x00000000259fdc08:   0000000000000000 0000000757f87ef8
0x00000000259fdc18:   0000000757f87db8 0000000000000000
0x00000000259fdc28:   0000000000800000 000000075835b660
0x00000000259fdc38:   0000000000000000 0000000757cea7f8
0x00000000259fdc48:   0000000000000000 000000075835b660
0x00000000259fdc58:   000000006f09664d 000000075835b660
0x00000000259fdc68:   0000000000000640 000000000000064d
0x00000000259fdc78:   0000000000000000 0000000000000000 

Instructions: (pc=0x0000000003267132)
0x0000000003267112:   00 00 00 00 00 00 00 00 00 00 00 00 00 00 58 41
0x0000000003267122:   0f b7 5d 01 48 8b 4d d8 c1 e3 02 48 8b 5c d9 20
0x0000000003267132:   48 3b 00 8b 04 18 41 0f b6 5d 03 49 83 c5 03 49
0x0000000003267142:   ba 10 31 d7 5d 00 00 00 00 41 ff 24 da 90 00 00 


Register to memory mapping:

RAX=0x0000000000800000 is an unknown value
RBX=0x000000000000000c is an unknown value
RCX=0x000000001e5ee088 is pointing into metadata
RDX=0x000000006f09664d is an unknown value
RSP=0x00000000259fdb88 is pointing into the stack for thread: 0x0000000021190800
RBP=0x00000000259fdbd8 is pointing into the stack for thread: 0x0000000021190800
RSI=0x0000000000000000 is an unknown value
RDI=0x00000007596efd58 is an oop
java.util.concurrent.ConcurrentHashMap$ForwardingNode 
 - klass: 'java/util/concurrent/ConcurrentHashMap$ForwardingNode'
R8 =0x000000000000064d is an unknown value
R9 =0x000000075835b660 is an oop

[error occurred during error reporting (printing register info), id 0xc0000005]

Stack: [0x0000000025900000,0x0000000025a00000],  sp=0x00000000259fdb88,  free space=1014k
Native frames: (J=compiled Java code, j=interpreted, Vv=VM code, C=native code)
C  0x0000000003267132


---------------  P R O C E S S  ---------------

Java Threads: ( => current thread )
=>0x0000000021190800 JavaThread "background-preinit" [_thread_in_Java, id=9128, stack(0x0000000025900000,0x0000000025a00000)]
  0x0000000020e8d000 JavaThread "Thread-3" daemon [_thread_in_native, id=5688, stack(0x00000000242d0000,0x00000000243d0000)]
  0x0000000020dcd800 JavaThread "JavaFX-Launcher" [_thread_in_native, id=9620, stack(0x00000000243d0000,0x00000000244d0000)]
  0x0000000020d62800 JavaThread "JavaFX Application Thread" [_thread_in_native, id=8468, stack(0x0000000022080000,0x0000000022180000)]
  0x0000000020d61800 JavaThread "Thread-1" daemon [_thread_blocked, id=7604, stack(0x0000000021f80000,0x0000000022080000)]
  0x0000000020b1f000 JavaThread "QuantumRenderer-0" daemon [_thread_blocked, id=5812, stack(0x0000000021560000,0x0000000021660000)]
  0x0000000020788800 JavaThread "Service Thread" daemon [_thread_blocked, id=7880, stack(0x0000000020b60000,0x0000000020c60000)]
  0x000000001ee01800 JavaThread "C1 CompilerThread2" daemon [_thread_blocked, id=4144, stack(0x0000000020660000,0x0000000020760000)]
  0x000000001edfa800 JavaThread "C2 CompilerThread1" daemon [_thread_blocked, id=7104, stack(0x0000000020560000,0x0000000020660000)]
  0x000000001edf8000 JavaThread "C2 CompilerThread0" daemon [_thread_blocked, id=9712, stack(0x0000000020460000,0x0000000020560000)]
  0x000000001edf5000 JavaThread "Attach Listener" daemon [_thread_blocked, id=9556, stack(0x0000000020360000,0x0000000020460000)]
  0x000000001edf2000 JavaThread "Signal Dispatcher" daemon [_thread_blocked, id=9496, stack(0x0000000020260000,0x0000000020360000)]
  0x000000001edda000 JavaThread "Finalizer" daemon [_thread_blocked, id=3156, stack(0x0000000020050000,0x0000000020150000)]
  0x0000000003234000 JavaThread "Reference Handler" daemon [_thread_blocked, id=9380, stack(0x000000001ff50000,0x0000000020050000)]
  0x0000000003144800 JavaThread "main" [_thread_blocked, id=9488, stack(0x0000000002fc0000,0x00000000030c0000)]

Other Threads:
  0x000000001edb7000 VMThread [stack: 0x000000001fe50000,0x000000001ff50000] [id=5040]
  0x00000000207c2000 WatcherThread [stack: 0x0000000020c60000,0x0000000020d60000] [id=5336]

VM state:not at safepoint (normal execution)

VM Mutex/Monitor currently owned by a thread: None

Heap:
 PSYoungGen      total 95744K, used 65965K [0x0000000755980000, 0x000000075c400000, 0x00000007c0000000)
  eden space 82432K, 80% used [0x0000000755980000,0x00000007599eb758,0x000000075aa00000)
  from space 13312K, 0% used [0x000000075b700000,0x000000075b700000,0x000000075c400000)
  to   space 13312K, 0% used [0x000000075aa00000,0x000000075aa00000,0x000000075b700000)
 ParOldGen       total 218624K, used 0K [0x0000000680c00000, 0x000000068e180000, 0x0000000755980000)
  object space 218624K, 0% used [0x0000000680c00000,0x0000000680c00000,0x000000068e180000)
 Metaspace       used 14341K, capacity 14886K, committed 15104K, reserved 1062912K
  class space    used 1823K, capacity 1975K, committed 2048K, reserved 1048576K

Card table byte_map: [0x0000000012600000,0x0000000013000000] byte_map_base: 0x000000000f1fa000

Marking Bits: (ParMarkBitMap*) 0x000000005dd8a6c0
 Begin Bits: [0x0000000013ab0000, 0x0000000018a80000)
 End Bits:   [0x0000000018a80000, 0x000000001da50000)

Polling page: 0x0000000000ff0000

CodeCache: size=245760Kb used=3905Kb max_used=3917Kb free=241854Kb
 bounds [0x0000000003240000, 0x0000000003620000, 0x0000000012240000]
 total_blobs=1579 nmethods=1160 adapters=332
 compilation: enabled

Compilation events (10 events):
Event: 0.966 Thread 0x000000001ee01800 nmethod 1113 0x0000000003602f10 code [0x00000000036030c0, 0x00000000036037c8]
Event: 0.966 Thread 0x000000001ee01800 1114       1       java.util.Collections$EmptyIterator::hasNext (2 bytes)
Event: 0.966 Thread 0x000000001ee01800 nmethod 1114 0x0000000003602c50 code [0x0000000003602da0, 0x0000000003602eb0]
Event: 0.969 Thread 0x000000001ee01800 1115       3       sun.reflect.generics.tree.ClassSignature::make (11 bytes)
Event: 0.969 Thread 0x000000001ee01800 nmethod 1115 0x0000000003602750 code [0x00000000036028c0, 0x0000000003602b50]
Event: 0.969 Thread 0x000000001ee01800 1117       3       sun.reflect.generics.parser.SignatureParser::parseSuperInterfaces (51 bytes)
Event: 0.970 Thread 0x000000001ee01800 nmethod 1117 0x00000000035fcb10 code [0x00000000035fcd20, 0x00000000035fd648]
Event: 0.970 Thread 0x000000001ee01800 1116       3       sun.reflect.generics.tree.ClassSignature::<init> (20 bytes)
Event: 0.970 Thread 0x000000001ee01800 nmethod 1116 0x0000000003602350 code [0x00000000036024a0, 0x0000000003602690]
Event: 0.970 Thread 0x000000001ee01800 1118       3       sun.reflect.generics.reflectiveObjects.ParameterizedTypeImpl::validateConstructorArguments (44 bytes)

GC Heap History (0 events):
No events

Deoptimization events (5 events):
Event: 0.138 Thread 0x0000000003144800 Uncommon trap: reason=unstable_if action=reinterpret pc=0x000000000335c104 method=java.lang.String.hashCode()I @ 14
Event: 0.424 Thread 0x0000000020dcd800 Uncommon trap: reason=unstable_if action=reinterpret pc=0x00000000033ee1f0 method=java.lang.String.replace(CC)Ljava/lang/String; @ 26
Event: 0.444 Thread 0x0000000020dcd800 Uncommon trap: reason=unstable_if action=reinterpret pc=0x0000000003417ae8 method=java.lang.String.indexOf([CII[CIII)I @ 134
Event: 0.695 Thread 0x0000000020dcd800 Uncommon trap: reason=unstable_if action=reinterpret pc=0x000000000349bf24 method=java.lang.String.indexOf([CII[CIII)I @ 3
Event: 0.711 Thread 0x0000000021190800 Uncommon trap: reason=range_check action=make_not_entrant pc=0x00000000035200a8 method=sun.reflect.generics.parser.SignatureParser.current()C @ 34

Internal exceptions (10 events):
Event: 0.671 Thread 0x0000000020dcd800 Exception <a 'java/lang/ArrayIndexOutOfBoundsException'> (0x00000007571daa38) thrown at [C:\re\workspace\8-2-build-windows-amd64-cygwin\jdk8u111\7883\hotspot\src\share\vm\runtime\sharedRuntime.cpp, line 605]
Event: 0.672 Thread 0x0000000020dcd800 Exception <a 'java/lang/ArrayIndexOutOfBoundsException'> (0x00000007571dd2d8) thrown at [C:\re\workspace\8-2-build-windows-amd64-cygwin\jdk8u111\7883\hotspot\src\share\vm\runtime\sharedRuntime.cpp, line 605]
Event: 0.672 Thread 0x0000000020dcd800 Exception <a 'java/lang/ArrayIndexOutOfBoundsException'> (0x00000007571eb8d8) thrown at [C:\re\workspace\8-2-build-windows-amd64-cygwin\jdk8u111\7883\hotspot\src\share\vm\runtime\sharedRuntime.cpp, line 605]
Event: 0.673 Thread 0x0000000020dcd800 Exception <a 'java/lang/ArrayIndexOutOfBoundsException'> (0x00000007571f5ad0) thrown at [C:\re\workspace\8-2-build-windows-amd64-cygwin\jdk8u111\7883\hotspot\src\share\vm\runtime\sharedRuntime.cpp, line 605]
Event: 0.673 Thread 0x0000000020dcd800 Exception <a 'java/lang/ArrayIndexOutOfBoundsException'> (0x00000007571f76b8) thrown at [C:\re\workspace\8-2-build-windows-amd64-cygwin\jdk8u111\7883\hotspot\src\share\vm\runtime\sharedRuntime.cpp, line 605]
Event: 0.710 Thread 0x0000000021190800 Exception <a 'java/lang/ArrayIndexOutOfBoundsException'> (0x000000075741ce40) thrown at [C:\re\workspace\8-2-build-windows-amd64-cygwin\jdk8u111\7883\hotspot\src\share\vm\runtime\sharedRuntime.cpp, line 605]
Event: 0.711 Thread 0x0000000021190800 Exception <a 'java/lang/ArrayIndexOutOfBoundsException': 60> (0x000000075741e628) thrown at [C:\re\workspace\8-2-build-windows-amd64-cygwin\jdk8u111\7883\hotspot\src\share\vm\interpreter\interpreterRuntime.cpp, line 366]
Event: 0.712 Thread 0x0000000020dcd800 Exception <a 'java/io/FileNotFoundException'> (0x000000075751c0f8) thrown at [C:\re\workspace\8-2-build-windows-amd64-cygwin\jdk8u111\7883\hotspot\src\share\vm\prims\jni.cpp, line 709]
Event: 0.713 Thread 0x0000000021190800 Exception <a 'java/lang/ArrayIndexOutOfBoundsException': 117> (0x0000000757449358) thrown at [C:\re\workspace\8-2-build-windows-amd64-cygwin\jdk8u111\7883\hotspot\src\share\vm\interpreter\interpreterRuntime.cpp, line 366]
Event: 0.868 Thread 0x0000000020dcd800 Exception <a 'java/lang/NoSuchMethodError': java.lang.Object.lambda$chars$0()Ljava/util/Spliterator$OfInt;> (0x00000007587de6f0) thrown at [C:\re\workspace\8-2-build-windows-amd64-cygwin\jdk8u111\7883\hotspot\src\share\vm\interpreter\linkResolver.cpp, lin

Events (10 events):
Event: 0.968 loading class org/hibernate/validator/internal/constraintvalidators/bv/number/sign/NegativeOrZeroValidatorForNumber
Event: 0.968 loading class org/hibernate/validator/internal/constraintvalidators/bv/number/sign/NegativeOrZeroValidatorForNumber done
Event: 0.969 loading class org/springframework/beans/propertyeditors/CustomNumberEditor
Event: 0.969 loading class org/springframework/beans/propertyeditors/CustomNumberEditor done
Event: 0.969 loading class javax/validation/constraints/NotBlank
Event: 0.969 loading class javax/validation/constraints/NotBlank done
Event: 0.969 loading class org/springframework/boot/context/properties/source/ConfigurationPropertyName$ElementCharPredicate
Event: 0.969 loading class org/springframework/boot/context/properties/source/ConfigurationPropertyName$ElementCharPredicate done
Event: 0.969 loading class org/hibernate/validator/internal/constraintvalidators/bv/NotBlankValidator
Event: 0.969 loading class org/hibernate/validator/internal/constraintvalidators/bv/NotBlankValidator done


Dynamic libraries:
0x00007ff7f8750000 - 0x00007ff7f8787000 	C:\Program Files\Java\jdk1.8.0_111\bin\java.exe
0x00007ffb40c00000 - 0x00007ffb40de1000 	C:\WINDOWS\SYSTEM32\ntdll.dll
0x00007ffb3e200000 - 0x00007ffb3e2b2000 	C:\WINDOWS\System32\KERNEL32.DLL
0x00007ffb3d200000 - 0x00007ffb3d473000 	C:\WINDOWS\System32\KERNELBASE.dll
0x00007ffb40660000 - 0x00007ffb40701000 	C:\WINDOWS\System32\ADVAPI32.dll
0x00007ffb3e090000 - 0x00007ffb3e12e000 	C:\WINDOWS\System32\msvcrt.dll
0x00007ffb3e130000 - 0x00007ffb3e18b000 	C:\WINDOWS\System32\sechost.dll
0x00007ffb3fcb0000 - 0x00007ffb3fdd4000 	C:\WINDOWS\System32\RPCRT4.dll
0x00007ffb3e390000 - 0x00007ffb3e520000 	C:\WINDOWS\System32\USER32.dll
0x00007ffb3d6c0000 - 0x00007ffb3d6e0000 	C:\WINDOWS\System32\win32u.dll
0x00007ffb3fb00000 - 0x00007ffb3fb28000 	C:\WINDOWS\System32\GDI32.dll
0x00007ffb3d480000 - 0x00007ffb3d612000 	C:\WINDOWS\System32\gdi32full.dll
0x00007ffb3d620000 - 0x00007ffb3d6bf000 	C:\WINDOWS\System32\msvcp_win.dll
0x00007ffb3d050000 - 0x00007ffb3d14a000 	C:\WINDOWS\System32\ucrtbase.dll
0x00007ffb2a890000 - 0x00007ffb2aaf9000 	C:\WINDOWS\WinSxS\amd64_microsoft.windows.common-controls_6595b64144ccf1df_6.0.17134.407_none_fb449d63306391e9\COMCTL32.dll
0x00007ffb3fde0000 - 0x00007ffb40102000 	C:\WINDOWS\System32\combase.dll
0x00007ffb3cfd0000 - 0x00007ffb3d04a000 	C:\WINDOWS\System32\bcryptPrimitives.dll
0x00007ffb3fad0000 - 0x00007ffb3fafd000 	C:\WINDOWS\System32\IMM32.DLL
0x000000005d490000 - 0x000000005d562000 	C:\Program Files\Java\jdk1.8.0_111\jre\bin\msvcr100.dll
0x000000005d570000 - 0x000000005de0a000 	C:\Program Files\Java\jdk1.8.0_111\jre\bin\server\jvm.dll
0x00007ffb3e1f0000 - 0x00007ffb3e1f8000 	C:\WINDOWS\System32\PSAPI.DLL
0x00007ffb32c00000 - 0x00007ffb32c09000 	C:\WINDOWS\SYSTEM32\WSOCK32.dll
0x00007ffb407e0000 - 0x00007ffb4084c000 	C:\WINDOWS\System32\WS2_32.dll
0x00007ffb2f840000 - 0x00007ffb2f863000 	C:\WINDOWS\SYSTEM32\WINMM.dll
0x00007ffb33e50000 - 0x00007ffb33e5a000 	C:\WINDOWS\SYSTEM32\VERSION.dll
0x00007ffb2f7e0000 - 0x00007ffb2f80a000 	C:\WINDOWS\SYSTEM32\WINMMBASE.dll
0x00007ffb3d1b0000 - 0x00007ffb3d1f9000 	C:\WINDOWS\System32\cfgmgr32.dll
0x000000005d440000 - 0x000000005d44f000 	C:\Program Files\Java\jdk1.8.0_111\jre\bin\verify.dll
0x000000005d410000 - 0x000000005d439000 	C:\Program Files\Java\jdk1.8.0_111\jre\bin\java.dll
0x000000005d3f0000 - 0x000000005d406000 	C:\Program Files\Java\jdk1.8.0_111\jre\bin\zip.dll
0x00007ffb3e5d0000 - 0x00007ffb3fa0f000 	C:\WINDOWS\System32\SHELL32.dll
0x00007ffb3e520000 - 0x00007ffb3e5c9000 	C:\WINDOWS\System32\shcore.dll
0x00007ffb3d6e0000 - 0x00007ffb3dded000 	C:\WINDOWS\System32\windows.storage.dll
0x00007ffb3e190000 - 0x00007ffb3e1e1000 	C:\WINDOWS\System32\shlwapi.dll
0x00007ffb3cf60000 - 0x00007ffb3cf71000 	C:\WINDOWS\System32\kernel.appcore.dll
0x00007ffb3cf20000 - 0x00007ffb3cf3f000 	C:\WINDOWS\System32\profapi.dll
0x00007ffb3cf80000 - 0x00007ffb3cfcc000 	C:\WINDOWS\System32\powrprof.dll
0x00007ffb3cf10000 - 0x00007ffb3cf1a000 	C:\WINDOWS\System32\FLTLIB.DLL
0x00007ffb08f50000 - 0x00007ffb0903f000 	C:\Program Files\Java\jdk1.8.0_111\jre\bin\msvcr120.dll
0x00007ffb08ea0000 - 0x00007ffb08f46000 	C:\Program Files\Java\jdk1.8.0_111\jre\bin\msvcp120.dll
0x0000000058970000 - 0x0000000058992000 	C:\Program Files\Java\jdk1.8.0_111\jre\bin\prism_d3d.dll
0x00007ffb12050000 - 0x00007ffb121e7000 	C:\WINDOWS\system32\d3d9.dll
0x00007ffb3b660000 - 0x00007ffb3b689000 	C:\WINDOWS\SYSTEM32\dwmapi.dll
0x00007ffb3b590000 - 0x00007ffb3b628000 	C:\WINDOWS\system32\uxtheme.dll
0x00007ffb2d210000 - 0x00007ffb2d377000 	C:\WINDOWS\SYSTEM32\aticfx64.dll
0x00007ffb192c0000 - 0x00007ffb192e1000 	C:\WINDOWS\SYSTEM32\atiu9p64.dll
0x00007ffb098c0000 - 0x00007ffb0a119000 	C:\WINDOWS\SYSTEM32\atiumd64.dll
0x000000005e110000 - 0x000000005e998000 	C:\WINDOWS\SYSTEM32\atiumd6a.dll
0x000000005cfa0000 - 0x000000005cfe3000 	C:\Program Files\Java\jdk1.8.0_111\jre\bin\glass.dll
0x00007ffb40120000 - 0x00007ffb4020d000 	C:\WINDOWS\System32\COMDLG32.dll
0x00007ffb409f0000 - 0x00007ffb40b41000 	C:\WINDOWS\System32\ole32.dll
0x00007ffb3e2c0000 - 0x00007ffb3e382000 	C:\WINDOWS\System32\OLEAUT32.dll
0x00007ffb3fb30000 - 0x00007ffb3fca3000 	C:\WINDOWS\System32\MSCTF.dll
0x000000005d160000 - 0x000000005d16d000 	C:\Program Files\Java\jdk1.8.0_111\jre\bin\management.dll
0x000000005d3d0000 - 0x000000005d3ea000 	C:\Program Files\Java\jdk1.8.0_111\jre\bin\net.dll
0x00007ffb3c6e0000 - 0x00007ffb3c746000 	C:\WINDOWS\system32\mswsock.dll
0x00007ffb26f60000 - 0x00007ffb26f76000 	C:\WINDOWS\system32\napinsp.dll
0x00007ffb26e90000 - 0x00007ffb26eaa000 	C:\WINDOWS\system32\pnrpnsp.dll
0x00007ffb39b20000 - 0x00007ffb39b39000 	C:\WINDOWS\system32\NLAapi.dll
0x00007ffb3c4b0000 - 0x00007ffb3c56e000 	C:\WINDOWS\SYSTEM32\DNSAPI.dll
0x00007ffb407d0000 - 0x00007ffb407d8000 	C:\WINDOWS\System32\NSI.dll
0x00007ffb3c470000 - 0x00007ffb3c4a8000 	C:\WINDOWS\SYSTEM32\IPHLPAPI.DLL
0x00007ffb31600000 - 0x00007ffb3160e000 	C:\WINDOWS\System32\winrnr.dll
0x00007ffb35960000 - 0x00007ffb3596a000 	C:\Windows\System32\rasadhlp.dll
0x00007ffb35a80000 - 0x00007ffb35af2000 	C:\WINDOWS\System32\fwpuclnt.dll
0x00007ffb3cab0000 - 0x00007ffb3cad5000 	C:\WINDOWS\SYSTEM32\bcrypt.dll
0x00007ffb301d0000 - 0x00007ffb30399000 	C:\WINDOWS\SYSTEM32\dbghelp.dll

VM Arguments:
java_command: com.nafsolver.NafRestServerApplication
java_class_path (initial): C:\Users\Admin\Documents\NetBeansProjects\NafRestServer\target\classes;C:\Users\Admin\.m2\repository\org\springframework\boot\spring-boot-starter-web\2.1.5.RELEASE\spring-boot-starter-web-2.1.5.RELEASE.jar;C:\Users\Admin\.m2\repository\org\springframework\boot\spring-boot-starter\2.1.5.RELEASE\spring-boot-starter-2.1.5.RELEASE.jar;C:\Users\Admin\.m2\repository\org\springframework\boot\spring-boot-autoconfigure\2.1.5.RELEASE\spring-boot-autoconfigure-2.1.5.RELEASE.jar;C:\Users\Admin\.m2\repository\org\springframework\boot\spring-boot-starter-logging\2.1.5.RELEASE\spring-boot-starter-logging-2.1.5.RELEASE.jar;C:\Users\Admin\.m2\repository\ch\qos\logback\logback-classic\1.2.3\logback-classic-1.2.3.jar;C:\Users\Admin\.m2\repository\ch\qos\logback\logback-core\1.2.3\logback-core-1.2.3.jar;C:\Users\Admin\.m2\repository\org\apache\logging\log4j\log4j-to-slf4j\2.11.2\log4j-to-slf4j-2.11.2.jar;C:\Users\Admin\.m2\repository\org\slf4j\jul-to-slf4j\1.7.26\jul-to-slf4j-1.7.26.jar;C:\Users\Admin\.m2\repository\javax\annotation\javax.annotation-api\1.3.2\javax.annotation-api-1.3.2.jar;C:\Users\Admin\.m2\repository\org\yaml\snakeyaml\1.23\snakeyaml-1.23.jar;C:\Users\Admin\.m2\repository\org\springframework\boot\spring-boot-starter-json\2.1.5.RELEASE\spring-boot-starter-json-2.1.5.RELEASE.jar;C:\Users\Admin\.m2\repository\com\fasterxml\jackson\core\jackson-databind\2.9.8\jackson-databind-2.9.8.jar;C:\Users\Admin\.m2\repository\com\fasterxml\jackson\core\jackson-annotations\2.9.0\jackson-annotations-2.9.0.jar;C:\Users\Admin\.m2\repository\com\fasterxml\jackson\core\jackson-core\2.9.8\jackson-core-2.9.8.jar;C:\Users\Admin\.m2\repository\com\fasterxml\jackson\datatype\jackson-datatype-jdk8\2.9.8\jackson-datatype-jdk8-2.9.8.jar;C:\Users\Admin\.m2\repository\com\fasterxml\jackson\datatype\jackson-datatype-jsr310\2.9.8\jackson-datatype-jsr310-2.9.8.jar;C:\Users\Admin\.m2\repository\com\fasterxml\jackson\module\jackson-module-parameter-names\2.9.8\jackson-modul
Launcher Type: SUN_STANDARD

Environment Variables:
JAVA_HOME=C:\Program Files\Java\jdk1.8.0_111
PATH=C:\ProgramData\Oracle\Java\javapath;C:\WINDOWS\system32;C:\WINDOWS;C:\WINDOWS\System32\Wbem;C:\WINDOWS\System32\WindowsPowerShell\v1.0\;C:\Program Files (x86)\ATI Technologies\ATI.ACE\Core-Static;C:\Program Files\Git\cmd;C:\WINDOWS\System32\OpenSSH\;C:\Users\Admin\AppData\Local\Microsoft\WindowsApps;;C:\Users\Admin\AppData\Local\Programs\Microsoft VS Code\bin
USERNAME=Admin
OS=Windows_NT
PROCESSOR_IDENTIFIER=Intel64 Family 6 Model 58 Stepping 9, GenuineIntel



---------------  S Y S T E M  ---------------

OS: Windows 10.0 , 64 bit Build 17134 (10.0.17134.1)

CPU:total 4 (4 cores per cpu, 1 threads per core) family 6 model 58 stepping 9, cmov, cx8, fxsr, mmx, sse, sse2, sse3, ssse3, sse4.1, sse4.2, popcnt, avx, aes, clmul, erms, tsc, tscinvbit, tscinv

Memory: 4k page, physical 20914224k(13276280k free), swap 24059952k(15453320k free)

vm_info: Java HotSpot(TM) 64-Bit Server VM (25.111-b14) for windows-amd64 JRE (1.8.0_111-b14), built on Sep 22 2016 19:24:05 by "java_re" with MS VC++ 10.0 (VS2010)

time: Thu Jun 27 21:25:45 2019
elapsed time: 0 seconds (0d 0h 0m 0s)

