#
# A fatal error has been detected by the Java Runtime Environment:
#
#  EXCEPTION_ACCESS_VIOLATION (0xc0000005) at pc=0x000000005d96ccda, pid=7820, tid=0x0000000000002404
#
# JRE version: Java(TM) SE Runtime Environment (8.0_111-b14) (build 1.8.0_111-b14)
# Java VM: Java HotSpot(TM) 64-Bit Server VM (25.111-b14 mixed mode windows-amd64 compressed oops)
# Problematic frame:
# V  [jvm.dll+0x3fccda]
#
# Failed to write core dump. Minidumps are not enabled by default on client versions of Windows
#
# If you would like to submit a bug report, please visit:
#   http://bugreport.java.com/bugreport/crash.jsp
#

---------------  T H R E A D  ---------------

Current thread (0x000000000288e800):  GCTaskThread [stack: 0x00000000130e0000,0x00000000131e0000] [id=9220]

siginfo: ExceptionCode=0xc0000005, reading address 0xffffffffffffffff

Registers:
RAX=0x00001fffffff2ff8, RBX=0x00009ffffffbefd8, RCX=0x000000005dd8a740, RDX=0x0000000000800000
RSP=0x00000000131df590, RBP=0x000000005dd8a740, RSI=0x0000000002650000, RDI=0x0000000000800000
R8 =0x0000000000000000, R9 =0x000000001b363c80, R10=0x00000000006cd8f4, R11=0x000000001b363d00
R12=0x000000005dd8a6c0, R13=0x0000000000001b56, R14=0x000000075b780000, R15=0x00000000131df6d8
RIP=0x000000005d96ccda, EFLAGS=0x0000000000010a02

Top of Stack: (sp=0x00000000131df590)
0x00000000131df590:   0000000000000000 000000005dd8a740
0x00000000131df5a0:   0000000002650000 00000007c00067b0
0x00000000131df5b0:   000000005dd8a6c0 0000000680c35140
0x00000000131df5c0:   000000000295e340 000000005d690d32
0x00000000131df5d0:   0000000700000000 0000000000000018
0x00000000131df5e0:   000000001b570000 000000005dd8a6c0
0x00000000131df5f0:   0000000680c35140 000000005d6924a4
0x00000000131df600:   00000007c0006598 000000001b570000
0x00000000131df610:   000000000295e340 000000005dd8a6c0
0x00000000131df620:   0000000000000005 000000005d96e099
0x00000000131df630:   00000000131df6d8 000000001b566464
0x00000000131df640:   000000001b565faa 000000000000000d
0x00000000131df650:   000000001b570000 000000005d96389d
0x00000000131df660:   000000001b566460 000000005d673b3f
0x00000000131df670:   0000000000000000 000000005d96de21
0x00000000131df680:   000000075bf359e8 000000075b780000 

Instructions: (pc=0x000000005d96ccda)
0x000000005d96ccba:   56 57 41 54 48 83 ec 20 48 8b 71 18 48 8b c2 48
0x000000005d96ccca:   8b fa 48 2b 01 48 8b e9 48 c1 e8 13 48 8d 1c 80
0x000000005d96ccda:   44 8b 44 de 1c 8b 44 de 18 4c 8b 24 de 41 81 e0
0x000000005d96ccea:   ff ff ff 07 4c 03 c0 49 81 f8 00 00 01 00 75 09 


Register to memory mapping:

RAX=0x00001fffffff2ff8 is an unknown value
RBX=0x00009ffffffbefd8 is an unknown value
RCX=0x000000005dd8a740 is an unknown value
RDX=0x0000000000800000 is an unknown value
RSP=0x00000000131df590 is an unknown value
RBP=0x000000005dd8a740 is an unknown value
RSI=0x0000000002650000 is an unknown value
RDI=0x0000000000800000 is an unknown value
R8 =0x0000000000000000 is an unknown value
R9 =0x000000001b363c80 is an unknown value
R10=0x00000000006cd8f4 is an unknown value
R11=0x000000001b363d00 is an unknown value
R12=0x000000005dd8a6c0 is an unknown value
R13=0x0000000000001b56 is an unknown value
R14=0x000000075b780000 is an oop
java.util.concurrent.ConcurrentHashMap$Node 
 - klass: 'java/util/concurrent/ConcurrentHashMap$Node'
R15=0x00000000131df6d8 is an unknown value


Stack: [0x00000000130e0000,0x00000000131e0000],  sp=0x00000000131df590,  free space=1021k
Native frames: (J=compiled Java code, j=interpreted, Vv=VM code, C=native code)
V  [jvm.dll+0x3fccda]
V  [jvm.dll+0x120d32]
V  [jvm.dll+0x1224a4]
V  [jvm.dll+0x3fe099]
V  [jvm.dll+0x3f389d]
V  [jvm.dll+0x3ff394]
V  [jvm.dll+0x3f6e7a]
V  [jvm.dll+0x3f4846]
V  [jvm.dll+0x3f1eee]
V  [jvm.dll+0x29c43a]
C  [msvcr100.dll+0x21d9f]
C  [msvcr100.dll+0x21e3b]
C  [KERNEL32.DLL+0x13034]
C  [ntdll.dll+0x71471]


---------------  P R O C E S S  ---------------

Java Threads: ( => current thread )
  0x0000000020896000 JavaThread "background-preinit" [_thread_blocked, id=10144, stack(0x0000000024f80000,0x0000000025080000)]
  0x0000000020580800 JavaThread "Thread-3" daemon [_thread_blocked, id=6796, stack(0x0000000023950000,0x0000000023a50000)]
  0x00000000204fe800 
[error occurred during error reporting (printing all threads), id 0xc0000005]

VM state:at safepoint (normal execution)

VM Mutex/Monitor currently owned by a thread:  ([mutex/lock_event])
[0x00000000028710d0] Threads_lock - owner thread: 0x000000001e4e7000
[0x0000000002870bd0] Heap_lock - owner thread: 0x0000000020896000

Heap:
 PSYoungGen      total 95744K, used 8406K [0x0000000755980000, 0x0000000761480000, 0x00000007c0000000)
  eden space 82432K, 0% used [0x0000000755980000,0x0000000755980000,0x000000075aa00000)
  from space 13312K, 63% used [0x000000075b700000,0x000000075bf359e8,0x000000075c400000)
  to   space 13312K, 0% used [0x000000075aa00000,0x000000075aa00000,0x000000075b700000)
 ParOldGen       total 218624K, used 24K [0x0000000680c00000, 0x000000068e180000, 0x0000000755980000)
  object space 218624K, 0% used [0x0000000680c00000,0x0000000680c06000,0x000000068e180000)
 Metaspace       used 20553K, capacity 21136K, committed 21248K, reserved 1067008K
  class space    used 2622K, capacity 2796K, committed 2816K, reserved 1048576K

Card table byte_map: [0x0000000011d30000,0x0000000012730000] byte_map_base: 0x000000000e92a000

Marking Bits: (ParMarkBitMap*) 0x000000005dd8a6c0
 Begin Bits: [0x00000000131e0000, 0x00000000181b0000)
 End Bits:   [0x00000000181b0000, 0x000000001d180000)

Polling page: 0x0000000000d70000

CodeCache: size=245760Kb used=4402Kb max_used=4402Kb free=241357Kb
 bounds [0x0000000002970000, 0x0000000002dc0000, 0x0000000011970000]
 total_blobs=1711 nmethods=1279 adapters=345
 compilation: enabled

Compilation events (10 events):
Event: 1.314 Thread 0x000000001e52e800 1276  s    3       java.util.Hashtable::put (104 bytes)
Event: 1.315 Thread 0x000000001e52e800 nmethod 1276 0x0000000002db8390 code [0x0000000002db8560, 0x0000000002db8d18]
Event: 1.316 Thread 0x000000001e52e800 1277       1       java.util.logging.Logger::getName (5 bytes)
Event: 1.316 Thread 0x000000001e52e800 nmethod 1277 0x0000000002db80d0 code [0x0000000002db8220, 0x0000000002db8330]
Event: 1.317 Thread 0x000000001e52e800 1278       1       java.util.Hashtable$Entry::getKey (5 bytes)
Event: 1.317 Thread 0x000000001e52e800 nmethod 1278 0x0000000002db7e10 code [0x0000000002db7f60, 0x0000000002db8070]
Event: 1.317 Thread 0x000000001e52e800 1279       1       java.util.Hashtable$Entry::getValue (5 bytes)
Event: 1.317 Thread 0x000000001e52e800 nmethod 1279 0x0000000002db7b50 code [0x0000000002db7ca0, 0x0000000002db7db0]
Event: 1.333 Thread 0x000000001e52e800 1280       3       java.lang.System::getProperty (25 bytes)
Event: 1.334 Thread 0x000000001e52e800 nmethod 1280 0x0000000002dbd790 code [0x0000000002dbd960, 0x0000000002dbdfe8]

GC Heap History (5 events):
Event: 1.061 GC heap before
{Heap before GC invocations=1 (full 0):
 PSYoungGen      total 95744K, used 82432K [0x0000000755980000, 0x000000075c400000, 0x00000007c0000000)
  eden space 82432K, 100% used [0x0000000755980000,0x000000075aa00000,0x000000075aa00000)
  from space 13312K, 0% used [0x000000075b700000,0x000000075b700000,0x000000075c400000)
  to   space 13312K, 0% used [0x000000075aa00000,0x000000075aa00000,0x000000075b700000)
 ParOldGen       total 218624K, used 0K [0x0000000680c00000, 0x000000068e180000, 0x0000000755980000)
  object space 218624K, 0% used [0x0000000680c00000,0x0000000680c00000,0x000000068e180000)
 Metaspace       used 15893K, capacity 16440K, committed 16640K, reserved 1062912K
  class space    used 2068K, capacity 2206K, committed 2304K, reserved 1048576K
Event: 1.070 GC heap after
Heap after GC invocations=1 (full 0):
 PSYoungGen      total 95744K, used 9579K [0x0000000755980000, 0x000000075c400000, 0x00000007c0000000)
  eden space 82432K, 0% used [0x0000000755980000,0x0000000755980000,0x000000075aa00000)
  from space 13312K, 71% used [0x000000075aa00000,0x000000075b35ae58,0x000000075b700000)
  to   space 13312K, 0% used [0x000000075b700000,0x000000075b700000,0x000000075c400000)
 ParOldGen       total 218624K, used 16K [0x0000000680c00000, 0x000000068e180000, 0x0000000755980000)
  object space 218624K, 0% used [0x0000000680c00000,0x0000000680c04000,0x000000068e180000)
 Metaspace       used 15893K, capacity 16440K, committed 16640K, reserved 1062912K
  class space    used 2068K, capacity 2206K, committed 2304K, reserved 1048576K
}
Event: 1.339 GC heap before
{Heap before GC invocations=2 (full 0):
 PSYoungGen      total 95744K, used 32286K [0x0000000755980000, 0x000000075c400000, 0x00000007c0000000)
  eden space 82432K, 27% used [0x0000000755980000,0x0000000756facba0,0x000000075aa00000)
  from space 13312K, 71% used [0x000000075aa00000,0x000000075b35ae58,0x000000075b700000)
  to   space 13312K, 0% used [0x000000075b700000,0x000000075b700000,0x000000075c400000)
 ParOldGen       total 218624K, used 16K [0x0000000680c00000, 0x000000068e180000, 0x0000000755980000)
  object space 218624K, 0% used [0x0000000680c00000,0x0000000680c04000,0x000000068e180000)
 Metaspace       used 20553K, capacity 21136K, committed 21248K, reserved 1067008K
  class space    used 2622K, capacity 2796K, committed 2816K, reserved 1048576K
Event: 1.347 GC heap after
Heap after GC invocations=2 (full 0):
 PSYoungGen      total 95744K, used 8406K [0x0000000755980000, 0x0000000761480000, 0x00000007c0000000)
  eden space 82432K, 0% used [0x0000000755980000,0x0000000755980000,0x000000075aa00000)
  from space 13312K, 63% used [0x000000075b700000,0x000000075bf359e8,0x000000075c400000)
  to   space 13312K, 0% used [0x000000075aa00000,0x000000075aa00000,0x000000075b700000)
 ParOldGen       total 218624K, used 24K [0x0000000680c00000, 0x000000068e180000, 0x0000000755980000)
  object space 218624K, 0% used [0x0000000680c00000,0x0000000680c06000,0x000000068e180000)
 Metaspace       used 20553K, capacity 21136K, committed 21248K, reserved 1067008K
  class space    used 2622K, capacity 2796K, committed 2816K, reserved 1048576K
}
Event: 1.347 GC heap before
{Heap before GC invocations=3 (full 1):
 PSYoungGen      total 95744K, used 8406K [0x0000000755980000, 0x0000000761480000, 0x00000007c0000000)
  eden space 82432K, 0% used [0x0000000755980000,0x0000000755980000,0x000000075aa00000)
  from space 13312K, 63% used [0x000000075b700000,0x000000075bf359e8,0x000000075c400000)
  to   space 13312K, 0% used [0x000000075aa00000,0x000000075aa00000,0x000000075b700000)
 ParOldGen       total 218624K, used 24K [0x0000000680c00000, 0x000000068e180000, 0x0000000755980000)
  object space 218624K, 0% used [0x0000000680c00000,0x0000000680c06000,0x000000068e180000)
 Metaspace       used 20553K, capacity 21136K, committed 21248K, reserved 1067008K
  class space    used 2622K, capacity 2796K, committed 2816K, reserved 1048576K

Deoptimization events (10 events):
Event: 0.144 Thread 0x0000000002874800 Uncommon trap: reason=unstable_if action=reinterpret pc=0x0000000002a8ba04 method=java.lang.String.hashCode()I @ 14
Event: 0.419 Thread 0x00000000204fe800 Uncommon trap: reason=unstable_if action=reinterpret pc=0x0000000002b1d530 method=java.lang.String.replace(CC)Ljava/lang/String; @ 26
Event: 0.439 Thread 0x00000000204fe800 Uncommon trap: reason=unstable_if action=reinterpret pc=0x0000000002b44da8 method=java.lang.String.indexOf([CII[CIII)I @ 134
Event: 0.693 Thread 0x00000000204fe800 Uncommon trap: reason=unstable_if action=reinterpret pc=0x0000000002bc8464 method=java.lang.String.indexOf([CII[CIII)I @ 3
Event: 0.711 Thread 0x0000000020896000 Uncommon trap: reason=range_check action=make_not_entrant pc=0x0000000002c55c28 method=sun.reflect.generics.parser.SignatureParser.current()C @ 34
Event: 1.082 Thread 0x0000000020896000 Uncommon trap: reason=class_check action=maybe_recompile pc=0x0000000002d2e9f4 method=java.util.HashMap.putVal(ILjava/lang/Object;Ljava/lang/Object;ZZ)Ljava/lang/Object; @ 203
Event: 1.085 Thread 0x0000000020896000 Uncommon trap: reason=class_check action=maybe_recompile pc=0x0000000002d2e9f4 method=java.util.HashMap.putVal(ILjava/lang/Object;Ljava/lang/Object;ZZ)Ljava/lang/Object; @ 203
Event: 1.087 Thread 0x0000000020896000 Uncommon trap: reason=class_check action=maybe_recompile pc=0x0000000002d2e9f4 method=java.util.HashMap.putVal(ILjava/lang/Object;Ljava/lang/Object;ZZ)Ljava/lang/Object; @ 203
Event: 1.102 Thread 0x0000000020896000 Uncommon trap: reason=unstable_if action=reinterpret pc=0x0000000002d4fb98 method=java.util.jar.Manifest$FastInputStream.readLine([BII)I @ 87
Event: 1.289 Thread 0x0000000020896000 Uncommon trap: reason=unstable_if action=reinterpret pc=0x0000000002ce7f38 method=jdk.internal.org.objectweb.asm.Type.getArgumentsAndReturnSizes(Ljava/lang/String;)I @ 47

Internal exceptions (10 events):
Event: 0.712 Thread 0x0000000020896000 Exception <a 'java/lang/ArrayIndexOutOfBoundsException': 113> (0x000000075745f3d8) thrown at [C:\re\workspace\8-2-build-windows-amd64-cygwin\jdk8u111\7883\hotspot\src\share\vm\interpreter\interpreterRuntime.cpp, line 366]
Event: 0.712 Thread 0x00000000204fe800 Exception <a 'java/lang/ArrayIndexOutOfBoundsException': 60> (0x000000075752ced8) thrown at [C:\re\workspace\8-2-build-windows-amd64-cygwin\jdk8u111\7883\hotspot\src\share\vm\interpreter\interpreterRuntime.cpp, line 366]
Event: 0.712 Thread 0x0000000020896000 Exception <a 'java/lang/ArrayIndexOutOfBoundsException': 60> (0x0000000757460510) thrown at [C:\re\workspace\8-2-build-windows-amd64-cygwin\jdk8u111\7883\hotspot\src\share\vm\interpreter\interpreterRuntime.cpp, line 366]
Event: 0.861 Thread 0x00000000204fe800 Exception <a 'java/lang/NoSuchMethodError': java.lang.Object.lambda$chars$0()Ljava/util/Spliterator$OfInt;> (0x000000075889e3e0) thrown at [C:\re\workspace\8-2-build-windows-amd64-cygwin\jdk8u111\7883\hotspot\src\share\vm\interpreter\linkResolver.cpp, lin
Event: 1.031 Thread 0x00000000204fe800 Exception <a 'java/lang/ClassFormatError': Illegal UTF8 string in constant pool in class file org/springframework/beans/factory/config/SmartInstantiationAwareBeanPostProcessor> (0x000000075a71fcf8) thrown at [C:\re\workspace\8-2-build-windows-amd64-cygwin
Event: 1.031 Thread 0x00000000204fe800 Exception <a 'java/lang/ClassFormatError'> (0x000000075a71fcf8) thrown at [C:\re\workspace\8-2-build-windows-amd64-cygwin\jdk8u111\7883\hotspot\src\share\vm\prims\jvm.cpp, line 1390]
Event: 1.031 Thread 0x00000000204fe800 Exception <a 'java/lang/ClassFormatError'> (0x000000075a71fcf8) thrown at [C:\re\workspace\8-2-build-windows-amd64-cygwin\jdk8u111\7883\hotspot\src\share\vm\prims\jvm.cpp, line 1390]
Event: 1.031 Thread 0x00000000204fe800 Exception <a 'java/lang/ClassFormatError'> (0x000000075a71fcf8) thrown at [C:\re\workspace\8-2-build-windows-amd64-cygwin\jdk8u111\7883\hotspot\src\share\vm\prims\jvm.cpp, line 1390]
Event: 1.032 Thread 0x00000000204fe800 Exception <a 'java/lang/reflect/InvocationTargetException'> (0x000000075a7200e8) thrown at [C:\re\workspace\8-2-build-windows-amd64-cygwin\jdk8u111\7883\hotspot\src\share\vm\runtime\reflection.cpp, line 1092]
Event: 1.293 Thread 0x0000000020896000 Exception <a 'java/lang/IncompatibleClassChangeError': Found class java.lang.Object, but interface was expected> (0x0000000756cf80c0) thrown at [C:\re\workspace\8-2-build-windows-amd64-cygwin\jdk8u111\7883\hotspot\src\share\vm\interpreter\linkResolver.cpp

Events (10 events):
Event: 1.338 loading class com/sun/org/apache/xerces/internal/impl/dtd/XMLDTDDescription done
Event: 1.339 loading class com/sun/org/apache/xerces/internal/impl/XMLDTDScannerImpl
Event: 1.339 loading class com/sun/org/apache/xerces/internal/xni/parser/XMLDTDScanner
Event: 1.339 loading class com/sun/org/apache/xerces/internal/xni/parser/XMLDTDSource
Event: 1.339 loading class com/sun/org/apache/xerces/internal/xni/parser/XMLDTDSource done
Event: 1.339 loading class com/sun/org/apache/xerces/internal/xni/parser/XMLDTDContentModelSource
Event: 1.339 loading class com/sun/org/apache/xerces/internal/xni/parser/XMLDTDContentModelSource done
Event: 1.339 loading class com/sun/org/apache/xerces/internal/xni/parser/XMLDTDScanner done
Event: 1.339 loading class com/sun/org/apache/xerces/internal/impl/XMLDTDScannerImpl done
Event: 1.339 Executing VM operation: CollectForMetadataAllocation


Dynamic libraries:
0x00007ff7f8750000 - 0x00007ff7f8787000 	C:\Program Files\Java\jdk1.8.0_111\bin\java.exe
0x00007ffb40c00000 - 0x00007ffb40de1000 	C:\WINDOWS\SYSTEM32\ntdll.dll
0x00007ffb3e200000 - 0x00007ffb3e2b2000 	C:\WINDOWS\System32\KERNEL32.DLL
0x00007ffb3d200000 - 0x00007ffb3d473000 	C:\WINDOWS\System32\KERNELBASE.dll
0x00007ffb40660000 - 0x00007ffb40701000 	C:\WINDOWS\System32\ADVAPI32.dll
0x00007ffb3e090000 - 0x00007ffb3e12e000 	C:\WINDOWS\System32\msvcrt.dll
0x00007ffb3e130000 - 0x00007ffb3e18b000 	C:\WINDOWS\System32\sechost.dll
0x00007ffb3fcb0000 - 0x00007ffb3fdd4000 	C:\WINDOWS\System32\RPCRT4.dll
0x00007ffb3e390000 - 0x00007ffb3e520000 	C:\WINDOWS\System32\USER32.dll
0x00007ffb3d6c0000 - 0x00007ffb3d6e0000 	C:\WINDOWS\System32\win32u.dll
0x00007ffb3fb00000 - 0x00007ffb3fb28000 	C:\WINDOWS\System32\GDI32.dll
0x00007ffb3d480000 - 0x00007ffb3d612000 	C:\WINDOWS\System32\gdi32full.dll
0x00007ffb3d620000 - 0x00007ffb3d6bf000 	C:\WINDOWS\System32\msvcp_win.dll
0x00007ffb3d050000 - 0x00007ffb3d14a000 	C:\WINDOWS\System32\ucrtbase.dll
0x00007ffb2a890000 - 0x00007ffb2aaf9000 	C:\WINDOWS\WinSxS\amd64_microsoft.windows.common-controls_6595b64144ccf1df_6.0.17134.407_none_fb449d63306391e9\COMCTL32.dll
0x00007ffb3fde0000 - 0x00007ffb40102000 	C:\WINDOWS\System32\combase.dll
0x00007ffb3cfd0000 - 0x00007ffb3d04a000 	C:\WINDOWS\System32\bcryptPrimitives.dll
0x00007ffb3fad0000 - 0x00007ffb3fafd000 	C:\WINDOWS\System32\IMM32.DLL
0x000000005d490000 - 0x000000005d562000 	C:\Program Files\Java\jdk1.8.0_111\jre\bin\msvcr100.dll
0x000000005d570000 - 0x000000005de0a000 	C:\Program Files\Java\jdk1.8.0_111\jre\bin\server\jvm.dll
0x00007ffb3e1f0000 - 0x00007ffb3e1f8000 	C:\WINDOWS\System32\PSAPI.DLL
0x00007ffb32c00000 - 0x00007ffb32c09000 	C:\WINDOWS\SYSTEM32\WSOCK32.dll
0x00007ffb407e0000 - 0x00007ffb4084c000 	C:\WINDOWS\System32\WS2_32.dll
0x00007ffb2f840000 - 0x00007ffb2f863000 	C:\WINDOWS\SYSTEM32\WINMM.dll
0x00007ffb33e50000 - 0x00007ffb33e5a000 	C:\WINDOWS\SYSTEM32\VERSION.dll
0x00007ffb2f7e0000 - 0x00007ffb2f80a000 	C:\WINDOWS\SYSTEM32\WINMMBASE.dll
0x00007ffb3d1b0000 - 0x00007ffb3d1f9000 	C:\WINDOWS\System32\cfgmgr32.dll
0x000000005d440000 - 0x000000005d44f000 	C:\Program Files\Java\jdk1.8.0_111\jre\bin\verify.dll
0x000000005d410000 - 0x000000005d439000 	C:\Program Files\Java\jdk1.8.0_111\jre\bin\java.dll
0x000000005d3f0000 - 0x000000005d406000 	C:\Program Files\Java\jdk1.8.0_111\jre\bin\zip.dll
0x00007ffb3e5d0000 - 0x00007ffb3fa0f000 	C:\WINDOWS\System32\SHELL32.dll
0x00007ffb3e520000 - 0x00007ffb3e5c9000 	C:\WINDOWS\System32\shcore.dll
0x00007ffb3d6e0000 - 0x00007ffb3dded000 	C:\WINDOWS\System32\windows.storage.dll
0x00007ffb3e190000 - 0x00007ffb3e1e1000 	C:\WINDOWS\System32\shlwapi.dll
0x00007ffb3cf60000 - 0x00007ffb3cf71000 	C:\WINDOWS\System32\kernel.appcore.dll
0x00007ffb3cf20000 - 0x00007ffb3cf3f000 	C:\WINDOWS\System32\profapi.dll
0x00007ffb3cf80000 - 0x00007ffb3cfcc000 	C:\WINDOWS\System32\powrprof.dll
0x00007ffb3cf10000 - 0x00007ffb3cf1a000 	C:\WINDOWS\System32\FLTLIB.DLL
0x00007ffb08f50000 - 0x00007ffb0903f000 	C:\Program Files\Java\jdk1.8.0_111\jre\bin\msvcr120.dll
0x00007ffb08ea0000 - 0x00007ffb08f46000 	C:\Program Files\Java\jdk1.8.0_111\jre\bin\msvcp120.dll
0x0000000058970000 - 0x0000000058992000 	C:\Program Files\Java\jdk1.8.0_111\jre\bin\prism_d3d.dll
0x00007ffb12050000 - 0x00007ffb121e7000 	C:\WINDOWS\system32\d3d9.dll
0x00007ffb3b660000 - 0x00007ffb3b689000 	C:\WINDOWS\SYSTEM32\dwmapi.dll
0x00007ffb3b590000 - 0x00007ffb3b628000 	C:\WINDOWS\system32\uxtheme.dll
0x00007ffb2d210000 - 0x00007ffb2d377000 	C:\WINDOWS\SYSTEM32\aticfx64.dll
0x00007ffb192c0000 - 0x00007ffb192e1000 	C:\WINDOWS\SYSTEM32\atiu9p64.dll
0x00007ffb098c0000 - 0x00007ffb0a119000 	C:\WINDOWS\SYSTEM32\atiumd64.dll
0x000000005e110000 - 0x000000005e998000 	C:\WINDOWS\SYSTEM32\atiumd6a.dll
0x000000005cfa0000 - 0x000000005cfe3000 	C:\Program Files\Java\jdk1.8.0_111\jre\bin\glass.dll
0x00007ffb40120000 - 0x00007ffb4020d000 	C:\WINDOWS\System32\COMDLG32.dll
0x00007ffb409f0000 - 0x00007ffb40b41000 	C:\WINDOWS\System32\ole32.dll
0x00007ffb3e2c0000 - 0x00007ffb3e382000 	C:\WINDOWS\System32\OLEAUT32.dll
0x00007ffb3fb30000 - 0x00007ffb3fca3000 	C:\WINDOWS\System32\MSCTF.dll
0x000000005d160000 - 0x000000005d16d000 	C:\Program Files\Java\jdk1.8.0_111\jre\bin\management.dll
0x000000005d3d0000 - 0x000000005d3ea000 	C:\Program Files\Java\jdk1.8.0_111\jre\bin\net.dll
0x00007ffb3c6e0000 - 0x00007ffb3c746000 	C:\WINDOWS\system32\mswsock.dll
0x00007ffb26f60000 - 0x00007ffb26f76000 	C:\WINDOWS\system32\napinsp.dll
0x00007ffb26e90000 - 0x00007ffb26eaa000 	C:\WINDOWS\system32\pnrpnsp.dll
0x00007ffb39b20000 - 0x00007ffb39b39000 	C:\WINDOWS\system32\NLAapi.dll
0x00007ffb3c4b0000 - 0x00007ffb3c56e000 	C:\WINDOWS\SYSTEM32\DNSAPI.dll
0x00007ffb407d0000 - 0x00007ffb407d8000 	C:\WINDOWS\System32\NSI.dll
0x00007ffb3c470000 - 0x00007ffb3c4a8000 	C:\WINDOWS\SYSTEM32\IPHLPAPI.DLL
0x00007ffb31600000 - 0x00007ffb3160e000 	C:\WINDOWS\System32\winrnr.dll
0x00007ffb35960000 - 0x00007ffb3596a000 	C:\Windows\System32\rasadhlp.dll
0x00007ffb35a80000 - 0x00007ffb35af2000 	C:\WINDOWS\System32\fwpuclnt.dll
0x00007ffb3cab0000 - 0x00007ffb3cad5000 	C:\WINDOWS\SYSTEM32\bcrypt.dll
0x00007ffb301d0000 - 0x00007ffb30399000 	C:\WINDOWS\SYSTEM32\dbghelp.dll

VM Arguments:
java_command: com.nafsolver.NafRestServerApplication
java_class_path (initial): C:\Users\Admin\Documents\NetBeansProjects\NafRestServer\target\classes;C:\Users\Admin\.m2\repository\org\springframework\boot\spring-boot-starter-web\2.1.5.RELEASE\spring-boot-starter-web-2.1.5.RELEASE.jar;C:\Users\Admin\.m2\repository\org\springframework\boot\spring-boot-starter\2.1.5.RELEASE\spring-boot-starter-2.1.5.RELEASE.jar;C:\Users\Admin\.m2\repository\org\springframework\boot\spring-boot-autoconfigure\2.1.5.RELEASE\spring-boot-autoconfigure-2.1.5.RELEASE.jar;C:\Users\Admin\.m2\repository\org\springframework\boot\spring-boot-starter-logging\2.1.5.RELEASE\spring-boot-starter-logging-2.1.5.RELEASE.jar;C:\Users\Admin\.m2\repository\ch\qos\logback\logback-classic\1.2.3\logback-classic-1.2.3.jar;C:\Users\Admin\.m2\repository\ch\qos\logback\logback-core\1.2.3\logback-core-1.2.3.jar;C:\Users\Admin\.m2\repository\org\apache\logging\log4j\log4j-to-slf4j\2.11.2\log4j-to-slf4j-2.11.2.jar;C:\Users\Admin\.m2\repository\org\slf4j\jul-to-slf4j\1.7.26\jul-to-slf4j-1.7.26.jar;C:\Users\Admin\.m2\repository\javax\annotation\javax.annotation-api\1.3.2\javax.annotation-api-1.3.2.jar;C:\Users\Admin\.m2\repository\org\yaml\snakeyaml\1.23\snakeyaml-1.23.jar;C:\Users\Admin\.m2\repository\org\springframework\boot\spring-boot-starter-json\2.1.5.RELEASE\spring-boot-starter-json-2.1.5.RELEASE.jar;C:\Users\Admin\.m2\repository\com\fasterxml\jackson\core\jackson-databind\2.9.8\jackson-databind-2.9.8.jar;C:\Users\Admin\.m2\repository\com\fasterxml\jackson\core\jackson-annotations\2.9.0\jackson-annotations-2.9.0.jar;C:\Users\Admin\.m2\repository\com\fasterxml\jackson\core\jackson-core\2.9.8\jackson-core-2.9.8.jar;C:\Users\Admin\.m2\repository\com\fasterxml\jackson\datatype\jackson-datatype-jdk8\2.9.8\jackson-datatype-jdk8-2.9.8.jar;C:\Users\Admin\.m2\repository\com\fasterxml\jackson\datatype\jackson-datatype-jsr310\2.9.8\jackson-datatype-jsr310-2.9.8.jar;C:\Users\Admin\.m2\repository\com\fasterxml\jackson\module\jackson-module-parameter-names\2.9.8\jackson-modul
Launcher Type: SUN_STANDARD

Environment Variables:
JAVA_HOME=C:\Program Files\Java\jdk1.8.0_111
PATH=C:\ProgramData\Oracle\Java\javapath;C:\WINDOWS\system32;C:\WINDOWS;C:\WINDOWS\System32\Wbem;C:\WINDOWS\System32\WindowsPowerShell\v1.0\;C:\Program Files (x86)\ATI Technologies\ATI.ACE\Core-Static;C:\Program Files\Git\cmd;C:\WINDOWS\System32\OpenSSH\;C:\Users\Admin\AppData\Local\Microsoft\WindowsApps;;C:\Users\Admin\AppData\Local\Programs\Microsoft VS Code\bin
USERNAME=Admin
OS=Windows_NT
PROCESSOR_IDENTIFIER=Intel64 Family 6 Model 58 Stepping 9, GenuineIntel



---------------  S Y S T E M  ---------------

OS: Windows 10.0 , 64 bit Build 17134 (10.0.17134.1)

CPU:total 4 (4 cores per cpu, 1 threads per core) family 6 model 58 stepping 9, cmov, cx8, fxsr, mmx, sse, sse2, sse3, ssse3, sse4.1, sse4.2, popcnt, avx, aes, clmul, erms, tsc, tscinvbit, tscinv

Memory: 4k page, physical 20914224k(13074504k free), swap 24059952k(14719236k free)

vm_info: Java HotSpot(TM) 64-Bit Server VM (25.111-b14) for windows-amd64 JRE (1.8.0_111-b14), built on Sep 22 2016 19:24:05 by "java_re" with MS VC++ 10.0 (VS2010)

time: Thu Jun 27 21:24:34 2019
elapsed time: 1 seconds (0d 0h 0m 1s)

